# JRE version: OpenJDK Runtime Environment Temurin-17.0.11+9 (17.0.11+9) (build 17.0.11+9)
# Java VM: OpenJDK 64-Bit Server VM Temurin-17.0.11+9 (17.0.11+9, mixed mode, emulated-client, tiered, compressed oops, compressed class ptrs, g1 gc, windows-amd64)
GC Precious Log:
 CPUs: 8 total, 8 available
 Memory: 6091M
 Large Page Support: Disabled
 NUMA Support: Disabled
 Compressed Oops: Enabled (32-bit)
 Heap Region Size: 1M
 Heap Min Capacity: 8M
 Heap Initial Capacity: 96M
 Heap Max Capacity: 1524M
 Pre-touch: Disabled
 Parallel Workers: 8
 Concurrent Workers: 2
 Concurrent Refinement Workers: 8
 Periodic GC: Disabled
Heap:
 garbage-first heap   total 55296K, used 29334K [0x00000000a0c00000, 0x0000000100000000)
  region size 1024K, 2 young (2048K), 1 survivors (1024K)
 Metaspace       used 80281K, committed 80768K, reserved 1179648K
  class space    used 11057K, committed 11264K, reserved 1048576K
GC Heap History (20 events):
Event: 4021.512 GC heap before
{Heap before GC invocations=38 (full 0):
 garbage-first heap   total 55296K, used 45320K [0x00000000a0c00000, 0x0000000100000000)
  region size 1024K, 17 young (17408K), 1 survivors (1024K)
 Metaspace       used 78524K, committed 78976K, reserved 1179648K
  class space    used 10767K, committed 10944K, reserved 1048576K
}
Event: 4021.516 GC heap after
{Heap after GC invocations=39 (full 0):
 garbage-first heap   total 55296K, used 29334K [0x00000000a0c00000, 0x0000000100000000)
  region size 1024K, 1 young (1024K), 1 survivors (1024K)
 Metaspace       used 78524K, committed 78976K, reserved 1179648K
  class space    used 10767K, committed 10944K, reserved 1048576K
}
Event: 4343.095 GC heap before
{Heap before GC invocations=40 (full 0):
 garbage-first heap   total 55296K, used 44694K [0x00000000a0c00000, 0x0000000100000000)
  region size 1024K, 17 young (17408K), 1 survivors (1024K)
 Metaspace       used 79895K, committed 80320K, reserved 1179648K
  class space    used 10975K, committed 11136K, reserved 1048576K
}
Event: 4343.098 GC heap after
{Heap after GC invocations=41 (full 0):
 garbage-first heap   total 55296K, used 29875K [0x00000000a0c00000, 0x0000000100000000)
  region size 1024K, 2 young (2048K), 2 survivors (2048K)
 Metaspace       used 79895K, committed 80320K, reserved 1179648K
  class space    used 10975K, committed 11136K, reserved 1048576K
}
Event: 4367.057 GC heap before
{Heap before GC invocations=41 (full 0):
 garbage-first heap   total 55296K, used 30899K [0x00000000a0c00000, 0x0000000100000000)
  region size 1024K, 3 young (3072K), 2 survivors (2048K)
 Metaspace       used 79955K, committed 80448K, reserved 1179648K
  class space    used 10986K, committed 11200K, reserved 1048576K
}
Event: 4367.072 GC heap after
{Heap after GC invocations=42 (full 0):
 garbage-first heap   total 55296K, used 29725K [0x00000000a0c00000, 0x0000000100000000)
  region size 1024K, 1 young (1024K), 1 survivors (1024K)
 Metaspace       used 79955K, committed 80448K, reserved 1179648K
  class space    used 10986K, committed 11200K, reserved 1048576K
}
Event: 4973.251 GC heap before
{Heap before GC invocations=42 (full 0):
 garbage-first heap   total 55296K, used 45085K [0x00000000a0c00000, 0x0000000100000000)
  region size 1024K, 16 young (16384K), 1 survivors (1024K)
 Metaspace       used 80236K, committed 80704K, reserved 1179648K
  class space    used 11049K, committed 11264K, reserved 1048576K
}
Event: 4973.253 GC heap after
{Heap after GC invocations=43 (full 0):
 garbage-first heap   total 55296K, used 29774K [0x00000000a0c00000, 0x0000000100000000)
  region size 1024K, 1 young (1024K), 1 survivors (1024K)
 Metaspace       used 80236K, committed 80704K, reserved 1179648K
  class space    used 11049K, committed 11264K, reserved 1048576K
}
Event: 5489.154 GC heap before
{Heap before GC invocations=44 (full 0):
 garbage-first heap   total 55296K, used 46158K [0x00000000a0c00000, 0x0000000100000000)
  region size 1024K, 17 young (17408K), 1 survivors (1024K)
 Metaspace       used 80236K, committed 80704K, reserved 1179648K
  class space    used 11049K, committed 11264K, reserved 1048576K
}
Event: 5489.164 GC heap after
{Heap after GC invocations=45 (full 0):
 garbage-first heap   total 55296K, used 30340K [0x00000000a0c00000, 0x0000000100000000)
  region size 1024K, 1 young (1024K), 1 survivors (1024K)
 Metaspace       used 80236K, committed 80704K, reserved 1179648K
  class space    used 11049K, committed 11264K, reserved 1048576K
}
Event: 5534.753 GC heap before
{Heap before GC invocations=45 (full 0):
 garbage-first heap   total 55296K, used 31364K [0x00000000a0c00000, 0x0000000100000000)
  region size 1024K, 2 young (2048K), 1 survivors (1024K)
 Metaspace       used 80236K, committed 80704K, reserved 1179648K
  class space    used 11049K, committed 11264K, reserved 1048576K
}
Event: 5534.773 GC heap after
{Heap after GC invocations=46 (full 0):
 garbage-first heap   total 55296K, used 29609K [0x00000000a0c00000, 0x0000000100000000)
  region size 1024K, 1 young (1024K), 1 survivors (1024K)
 Metaspace       used 80236K, committed 80704K, reserved 1179648K
  class space    used 11049K, committed 11264K, reserved 1048576K
}
Event: 6274.917 GC heap before
{Heap before GC invocations=46 (full 0):
 garbage-first heap   total 55296K, used 45993K [0x00000000a0c00000, 0x0000000100000000)
  region size 1024K, 17 young (17408K), 1 survivors (1024K)
 Metaspace       used 80236K, committed 80704K, reserved 1179648K
  class space    used 11049K, committed 11264K, reserved 1048576K
}
Event: 6274.925 GC heap after
{Heap after GC invocations=47 (full 0):
 garbage-first heap   total 55296K, used 29537K [0x00000000a0c00000, 0x0000000100000000)
  region size 1024K, 1 young (1024K), 1 survivors (1024K)
 Metaspace       used 80236K, committed 80704K, reserved 1179648K
  class space    used 11049K, committed 11264K, reserved 1048576K
}
Event: 7009.243 GC heap before
{Heap before GC invocations=48 (full 0):
 garbage-first heap   total 55296K, used 45921K [0x00000000a0c00000, 0x0000000100000000)
  region size 1024K, 17 young (17408K), 1 survivors (1024K)
 Metaspace       used 80224K, committed 80704K, reserved 1179648K
  class space    used 11046K, committed 11264K, reserved 1048576K
}
Event: 7009.244 GC heap after
{Heap after GC invocations=49 (full 0):
 garbage-first heap   total 55296K, used 29564K [0x00000000a0c00000, 0x0000000100000000)
  region size 1024K, 1 young (1024K), 1 survivors (1024K)
 Metaspace       used 80224K, committed 80704K, reserved 1179648K
  class space    used 11046K, committed 11264K, reserved 1048576K
}
Event: 7055.033 GC heap before
{Heap before GC invocations=49 (full 0):
 garbage-first heap   total 55296K, used 30588K [0x00000000a0c00000, 0x0000000100000000)
  region size 1024K, 2 young (2048K), 1 survivors (1024K)
 Metaspace       used 80224K, committed 80704K, reserved 1179648K
  class space    used 11046K, committed 11264K, reserved 1048576K
}
Event: 7055.037 GC heap after
{Heap after GC invocations=50 (full 0):
 garbage-first heap   total 55296K, used 28625K [0x00000000a0c00000, 0x0000000100000000)
  region size 1024K, 1 young (1024K), 1 survivors (1024K)
 Metaspace       used 80224K, committed 80704K, reserved 1179648K
  class space    used 11046K, committed 11264K, reserved 1048576K
}
Event: 17718.607 GC heap before
{Heap before GC invocations=50 (full 0):
 garbage-first heap   total 55296K, used 45009K [0x00000000a0c00000, 0x0000000100000000)
  region size 1024K, 18 young (18432K), 1 survivors (1024K)
 Metaspace       used 80281K, committed 80768K, reserved 1179648K
  class space    used 11057K, committed 11264K, reserved 1048576K
}
Event: 17718.626 GC heap after
{Heap after GC invocations=51 (full 0):
 garbage-first heap   total 55296K, used 29334K [0x00000000a0c00000, 0x0000000100000000)
  region size 1024K, 1 young (1024K), 1 survivors (1024K)
 Metaspace       used 80281K, committed 80768K, reserved 1179648K
  class space    used 11057K, committed 11264K, reserved 1048576K
}

