# JRE version: OpenJDK Runtime Environment Temurin-17.0.11+9 (17.0.11+9) (build 17.0.11+9)
# Java VM: OpenJDK 64-Bit Server VM Temurin-17.0.11+9 (17.0.11+9, mixed mode, emulated-client, tiered, compressed oops, compressed class ptrs, g1 gc, windows-amd64)
GC Precious Log:
 CPUs: 8 total, 8 available
 Memory: 6091M
 Large Page Support: Disabled
 NUMA Support: Disabled
 Compressed Oops: Enabled (32-bit)
 Heap Region Size: 1M
 Heap Min Capacity: 8M
 Heap Initial Capacity: 96M
 Heap Max Capacity: 1524M
 Pre-touch: Disabled
 Parallel Workers: 8
 Concurrent Workers: 2
 Concurrent Refinement Workers: 8
 Periodic GC: Disabled
Heap:
 garbage-first heap   total 53248K, used 39892K [0x00000000a0c00000, 0x0000000100000000)
  region size 1024K, 15 young (15360K), 3 survivors (3072K)
 Metaspace       used 74217K, committed 74752K, reserved 1114112K
  class space    used 10189K, committed 10432K, reserved 1048576K
GC Heap History (20 events):
Event: 4.822 GC heap before
{Heap before GC invocations=13 (full 0):
 garbage-first heap   total 53248K, used 18640K [0x00000000a0c00000, 0x0000000100000000)
  region size 1024K, 5 young (5120K), 4 survivors (4096K)
 Metaspace       used 38963K, committed 39424K, reserved 1114112K
  class space    used 5021K, committed 5248K, reserved 1048576K
}
Event: 4.827 GC heap after
{Heap after GC invocations=14 (full 0):
 garbage-first heap   total 53248K, used 18827K [0x00000000a0c00000, 0x0000000100000000)
  region size 1024K, 1 young (1024K), 1 survivors (1024K)
 Metaspace       used 38963K, committed 39424K, reserved 1114112K
  class space    used 5021K, committed 5248K, reserved 1048576K
}
Event: 5.445 GC heap before
{Heap before GC invocations=14 (full 0):
 garbage-first heap   total 53248K, used 40331K [0x00000000a0c00000, 0x0000000100000000)
  region size 1024K, 22 young (22528K), 1 survivors (1024K)
 Metaspace       used 42859K, committed 43392K, reserved 1114112K
  class space    used 5569K, committed 5824K, reserved 1048576K
}
Event: 5.449 GC heap after
{Heap after GC invocations=15 (full 0):
 garbage-first heap   total 53248K, used 19431K [0x00000000a0c00000, 0x0000000100000000)
  region size 1024K, 2 young (2048K), 2 survivors (2048K)
 Metaspace       used 42859K, committed 43392K, reserved 1114112K
  class space    used 5569K, committed 5824K, reserved 1048576K
}
Event: 6.003 GC heap before
{Heap before GC invocations=15 (full 0):
 garbage-first heap   total 53248K, used 39911K [0x00000000a0c00000, 0x0000000100000000)
  region size 1024K, 22 young (22528K), 2 survivors (2048K)
 Metaspace       used 48007K, committed 48512K, reserved 1114112K
  class space    used 6297K, committed 6528K, reserved 1048576K
}
Event: 6.007 GC heap after
{Heap after GC invocations=16 (full 0):
 garbage-first heap   total 53248K, used 20753K [0x00000000a0c00000, 0x0000000100000000)
  region size 1024K, 3 young (3072K), 3 survivors (3072K)
 Metaspace       used 48007K, committed 48512K, reserved 1114112K
  class space    used 6297K, committed 6528K, reserved 1048576K
}
Event: 6.816 GC heap before
{Heap before GC invocations=16 (full 0):
 garbage-first heap   total 53248K, used 40209K [0x00000000a0c00000, 0x0000000100000000)
  region size 1024K, 23 young (23552K), 3 survivors (3072K)
 Metaspace       used 55257K, committed 55744K, reserved 1114112K
  class space    used 7268K, committed 7488K, reserved 1048576K
}
Event: 6.821 GC heap after
{Heap after GC invocations=17 (full 0):
 garbage-first heap   total 53248K, used 22634K [0x00000000a0c00000, 0x0000000100000000)
  region size 1024K, 3 young (3072K), 3 survivors (3072K)
 Metaspace       used 55257K, committed 55744K, reserved 1114112K
  class space    used 7268K, committed 7488K, reserved 1048576K
}
Event: 7.400 GC heap before
{Heap before GC invocations=17 (full 0):
 garbage-first heap   total 53248K, used 40042K [0x00000000a0c00000, 0x0000000100000000)
  region size 1024K, 21 young (21504K), 3 survivors (3072K)
 Metaspace       used 59026K, committed 59584K, reserved 1114112K
  class space    used 7761K, committed 8000K, reserved 1048576K
}
Event: 7.403 GC heap after
{Heap after GC invocations=18 (full 0):
 garbage-first heap   total 53248K, used 23780K [0x00000000a0c00000, 0x0000000100000000)
  region size 1024K, 2 young (2048K), 2 survivors (2048K)
 Metaspace       used 59026K, committed 59584K, reserved 1114112K
  class space    used 7761K, committed 8000K, reserved 1048576K
}
Event: 7.436 GC heap before
{Heap before GC invocations=18 (full 0):
 garbage-first heap   total 53248K, used 24804K [0x00000000a0c00000, 0x0000000100000000)
  region size 1024K, 4 young (4096K), 2 survivors (2048K)
 Metaspace       used 59641K, committed 60160K, reserved 1114112K
  class space    used 7804K, committed 8064K, reserved 1048576K
}
Event: 7.438 GC heap after
{Heap after GC invocations=19 (full 0):
 garbage-first heap   total 53248K, used 23611K [0x00000000a0c00000, 0x0000000100000000)
  region size 1024K, 1 young (1024K), 1 survivors (1024K)
 Metaspace       used 59641K, committed 60160K, reserved 1114112K
  class space    used 7804K, committed 8064K, reserved 1048576K
}
Event: 8.240 GC heap before
{Heap before GC invocations=20 (full 0):
 garbage-first heap   total 53248K, used 41019K [0x00000000a0c00000, 0x0000000100000000)
  region size 1024K, 19 young (19456K), 1 survivors (1024K)
 Metaspace       used 64508K, committed 65024K, reserved 1114112K
  class space    used 8745K, committed 8960K, reserved 1048576K
}
Event: 8.244 GC heap after
{Heap after GC invocations=21 (full 0):
 garbage-first heap   total 53248K, used 24193K [0x00000000a0c00000, 0x0000000100000000)
  region size 1024K, 2 young (2048K), 2 survivors (2048K)
 Metaspace       used 64508K, committed 65024K, reserved 1114112K
  class space    used 8745K, committed 8960K, reserved 1048576K
}
Event: 8.902 GC heap before
{Heap before GC invocations=21 (full 0):
 garbage-first heap   total 53248K, used 41601K [0x00000000a0c00000, 0x0000000100000000)
  region size 1024K, 20 young (20480K), 2 survivors (2048K)
 Metaspace       used 68406K, committed 68928K, reserved 1114112K
  class space    used 9304K, committed 9536K, reserved 1048576K
}
Event: 8.905 GC heap after
{Heap after GC invocations=22 (full 0):
 garbage-first heap   total 53248K, used 25566K [0x00000000a0c00000, 0x0000000100000000)
  region size 1024K, 3 young (3072K), 3 survivors (3072K)
 Metaspace       used 68406K, committed 68928K, reserved 1114112K
  class space    used 9304K, committed 9536K, reserved 1048576K
}
Event: 9.485 GC heap before
{Heap before GC invocations=22 (full 0):
 garbage-first heap   total 53248K, used 41950K [0x00000000a0c00000, 0x0000000100000000)
  region size 1024K, 20 young (20480K), 3 survivors (3072K)
 Metaspace       used 71631K, committed 72192K, reserved 1114112K
  class space    used 9769K, committed 9984K, reserved 1048576K
}
Event: 9.491 GC heap after
{Heap after GC invocations=23 (full 0):
 garbage-first heap   total 53248K, used 27193K [0x00000000a0c00000, 0x0000000100000000)
  region size 1024K, 3 young (3072K), 3 survivors (3072K)
 Metaspace       used 71631K, committed 72192K, reserved 1114112K
  class space    used 9769K, committed 9984K, reserved 1048576K
}
Event: 9.901 GC heap before
{Heap before GC invocations=23 (full 0):
 garbage-first heap   total 53248K, used 42553K [0x00000000a0c00000, 0x0000000100000000)
  region size 1024K, 18 young (18432K), 3 survivors (3072K)
 Metaspace       used 73162K, committed 73728K, reserved 1114112K
  class space    used 9988K, committed 10240K, reserved 1048576K
}
Event: 9.906 GC heap after
{Heap after GC invocations=24 (full 0):
 garbage-first heap   total 53248K, used 28628K [0x00000000a0c00000, 0x0000000100000000)
  region size 1024K, 3 young (3072K), 3 survivors (3072K)
 Metaspace       used 73162K, committed 73728K, reserved 1114112K
  class space    used 9988K, committed 10240K, reserved 1048576K
}

